<?xml version="1.0" encoding="UTF-8"?>
<testsuite name="com.wipro.dias.steps.AcceptanceTestSuite" time="617.869" tests="26" errors="0" skipped="0" failures="1">
  <properties>
    <property name="platform" value="DESKTOP"/>
    <property name="java.runtime.name" value="Java(TM) SE Runtime Environment"/>
    <property name="sun.boot.library.path" value="C:\Program Files\Java\jdk1.7.0_67\jre\bin"/>
    <property name="java.vm.version" value="24.65-b04"/>
    <property name="java.vm.vendor" value="Oracle Corporation"/>
    <property name="java.vendor.url" value="http://java.oracle.com/"/>
    <property name="path.separator" value=";"/>
    <property name="guice.disable.misplaced.annotation.check" value="true"/>
    <property name="java.vm.name" value="Java HotSpot(TM) 64-Bit Server VM"/>
    <property name="file.encoding.pkg" value="sun.io"/>
    <property name="user.script" value=""/>
    <property name="user.country" value="IN"/>
    <property name="sun.java.launcher" value="SUN_STANDARD"/>
    <property name="sun.os.patch.level" value="Service Pack 1"/>
    <property name="java.vm.specification.name" value="Java Virtual Machine Specification"/>
    <property name="user.dir" value="D:\NewWorkspace\continuiT-POC-3.0"/>
    <property name="webdriver.driver" value="firefox"/>
    <property name="java.runtime.version" value="1.7.0_67-b01"/>
    <property name="java.awt.graphicsenv" value="sun.awt.Win32GraphicsEnvironment"/>
    <property name="basedir" value="D:\NewWorkspace\continuiT-POC-3.0"/>
    <property name="java.endorsed.dirs" value="C:\Program Files\Java\jdk1.7.0_67\jre\lib\endorsed"/>
    <property name="os.arch" value="amd64"/>
    <property name="java.io.tmpdir" value="C:\Users\apaag\AppData\Local\Temp\"/>
    <property name="line.separator" value="&#10;"/>
    <property name="java.vm.specification.vendor" value="Oracle Corporation"/>
    <property name="user.variant" value=""/>
    <property name="os.name" value="Windows 7"/>
    <property name="classworlds.conf" value="C:\apache-maven-3.1.1\bin\m2.conf"/>
    <property name="webdriver.base.url" value="https://www.delta.com/"/>
    <property name="sun.jnu.encoding" value="Cp1252"/>
    <property name="java.library.path" value="C:\Program Files\Java\jdk1.7.0_67\bin;C:\Windows\Sun\Java\bin;C:\Windows\system32;C:\Windows;C:\ProgramData\Oracle\Java\javapath;C:\Windows\system32;C:\Windows;C:\Windows\System32\Wbem;C:\Windows\System32\WindowsPowerShell\v1.0\;C:\Program Files\Java\jdk1.7.0_67\bin;C:\apache-maven-3.1.1\bin;C:\Program Files\TortoiseSVN\bin;C:\Program Files (x86)\MySQL\MySQL Server 5.6\bin;C:\Ruby193\bin;C:\Program Files (x86)\Git\cmd;C:\Program Files (x86)\Brackets\command;C:\galenframework\;C:\Python27;C:\Python27\Scripts;C:\Python27\Tools\Scripts;C:\Ruby193\bin;;."/>
    <property name="surefire.test.class.path" value="D:\NewWorkspace\continuiT-POC-3.0\target\test-classes;D:\NewWorkspace\continuiT-POC-3.0\target\classes;C:\Users\apaag\.m2\repository\org\seleniumhq\selenium\selenium-java\2.45.0\selenium-java-2.45.0.jar;C:\Users\apaag\.m2\repository\org\seleniumhq\selenium\selenium-chrome-driver\2.45.0\selenium-chrome-driver-2.45.0.jar;C:\Users\apaag\.m2\repository\org\seleniumhq\selenium\selenium-remote-driver\2.45.0\selenium-remote-driver-2.45.0.jar;C:\Users\apaag\.m2\repository\org\seleniumhq\selenium\selenium-api\2.45.0\selenium-api-2.45.0.jar;C:\Users\apaag\.m2\repository\org\seleniumhq\selenium\selenium-htmlunit-driver\2.45.0\selenium-htmlunit-driver-2.45.0.jar;C:\Users\apaag\.m2\repository\org\seleniumhq\selenium\selenium-firefox-driver\2.45.0\selenium-firefox-driver-2.45.0.jar;C:\Users\apaag\.m2\repository\org\apache\commons\commons-exec\1.1\commons-exec-1.1.jar;C:\Users\apaag\.m2\repository\org\seleniumhq\selenium\selenium-ie-driver\2.45.0\selenium-ie-driver-2.45.0.jar;C:\Users\apaag\.m2\repository\net\java\dev\jna\jna\3.4.0\jna-3.4.0.jar;C:\Users\apaag\.m2\repository\net\java\dev\jna\platform\3.4.0\platform-3.4.0.jar;C:\Users\apaag\.m2\repository\org\seleniumhq\selenium\selenium-safari-driver\2.45.0\selenium-safari-driver-2.45.0.jar;C:\Users\apaag\.m2\repository\org\seleniumhq\selenium\selenium-support\2.45.0\selenium-support-2.45.0.jar;C:\Users\apaag\.m2\repository\org\webbitserver\webbit\0.4.14\webbit-0.4.14.jar;C:\Users\apaag\.m2\repository\io\netty\netty\3.5.2.Final\netty-3.5.2.Final.jar;C:\Users\apaag\.m2\repository\org\seleniumhq\selenium\selenium-leg-rc\2.45.0\selenium-leg-rc-2.45.0.jar;C:\Users\apaag\.m2\repository\net\serenity-bdd\core\1.0.24\core-1.0.24.jar;C:\Users\apaag\.m2\repository\com\google\inject\guice\3.0\guice-3.0.jar;C:\Users\apaag\.m2\repository\javax\inject\javax.inject\1\javax.inject-1.jar;C:\Users\apaag\.m2\repository\aopalliance\aopalliance\1.0\aopalliance-1.0.jar;C:\Users\apaag\.m2\repository\org\slf4j\slf4j-api\1.6.4\slf4j-api-1.6.4.jar;C:\Users\apaag\.m2\repository\net\serenity-bdd\serenity-report-resources\1.0.24\serenity-report-resources-1.0.24.jar;C:\Users\apaag\.m2\repository\com\fasterxml\jackson\core\jackson-core\2.4.3\jackson-core-2.4.3.jar;C:\Users\apaag\.m2\repository\com\fasterxml\jackson\core\jackson-annotations\2.4.3\jackson-annotations-2.4.3.jar;C:\Users\apaag\.m2\repository\com\fasterxml\jackson\core\jackson-databind\2.4.3\jackson-databind-2.4.3.jar;C:\Users\apaag\.m2\repository\com\fasterxml\jackson\datatype\jackson-datatype-joda\2.4.3\jackson-datatype-joda-2.4.3.jar;C:\Users\apaag\.m2\repository\com\fasterxml\jackson\datatype\jackson-datatype-guava\2.4.3\jackson-datatype-guava-2.4.3.jar;C:\Users\apaag\.m2\repository\cglib\cglib\2.2.2\cglib-2.2.2.jar;C:\Users\apaag\.m2\repository\commons-codec\commons-codec\1.9\commons-codec-1.9.jar;C:\Users\apaag\.m2\repository\commons-io\commons-io\2.4\commons-io-2.4.jar;C:\Users\apaag\.m2\repository\com\opera\operadriver\1.5\operadriver-1.5.jar;C:\Users\apaag\.m2\repository\com\opera\operalaunchers\1.1\operalaunchers-1.1.jar;C:\Users\apaag\.m2\repository\com\google\protobuf\protobuf-java\2.4.1\protobuf-java-2.4.1.jar;C:\Users\apaag\.m2\repository\commons-jxpath\commons-jxpath\1.3\commons-jxpath-1.3.jar;C:\Users\apaag\.m2\repository\org\ini4j\ini4j\0.5.2\ini4j-0.5.2.jar;C:\Users\apaag\.m2\repository\org\seleniumhq\selenium\selenium-server\2.44.0\selenium-server-2.44.0.jar;C:\Users\apaag\.m2\repository\org\bouncycastle\bcprov-jdk15on\1.48\bcprov-jdk15on-1.48.jar;C:\Users\apaag\.m2\repository\org\bouncycastle\bcpkix-jdk15on\1.48\bcpkix-jdk15on-1.48.jar;C:\Users\apaag\.m2\repository\mx4j\mx4j-tools\3.0.1\mx4j-tools-3.0.1.jar;C:\Users\apaag\.m2\repository\org\mortbay\jetty\servlet-api-2.5\6.1.9\servlet-api-2.5-6.1.9.jar;C:\Users\apaag\.m2\repository\org\seleniumhq\selenium\jetty-repacked\7.6.1\jetty-repacked-7.6.1.jar;C:\Users\apaag\.m2\repository\org\seleniumhq\selenium\jetty-rc-repacked\5\jetty-rc-repacked-5.jar;C:\Users\apaag\.m2\repository\net\jcip\jcip-annotations\1.0\jcip-annotations-1.0.jar;C:\Users\apaag\.m2\repository\org\yaml\snakeyaml\1.8\snakeyaml-1.8.jar;C:\Users\apaag\.m2\repository\com\github\detro\phantomjsdriver\1.2.0\phantomjsdriver-1.2.0.jar;C:\Users\apaag\.m2\repository\net\sf\opencsv\opencsv\2.0\opencsv-2.0.jar;C:\Users\apaag\.m2\repository\commons-beanutils\commons-beanutils-core\1.8.3\commons-beanutils-core-1.8.3.jar;C:\Users\apaag\.m2\repository\commons-logging\commons-logging\1.1.1\commons-logging-1.1.1.jar;C:\Users\apaag\.m2\repository\com\google\guava\guava\18.0\guava-18.0.jar;C:\Users\apaag\.m2\repository\joda-time\joda-time\2.0\joda-time-2.0.jar;C:\Users\apaag\.m2\repository\com\thoughtworks\xstream\xstream\1.4.1\xstream-1.4.1.jar;C:\Users\apaag\.m2\repository\xmlpull\xmlpull\1.1.3.1\xmlpull-1.1.3.1.jar;C:\Users\apaag\.m2\repository\xpp3\xpp3_min\1.1.4c\xpp3_min-1.1.4c.jar;C:\Users\apaag\.m2\repository\org\apache\commons\commons-lang3\3.0.1\commons-lang3-3.0.1.jar;C:\Users\apaag\.m2\repository\commons-collections\commons-collections\3.2.1\commons-collections-3.2.1.jar;C:\Users\apaag\.m2\repository\net\sf\flexjson\flexjson\2.1\flexjson-2.1.jar;C:\Users\apaag\.m2\repository\org\freemarker\freemarker\2.3.21\freemarker-2.3.21.jar;C:\Users\apaag\.m2\repository\net\sourceforge\jexcelapi\jxl\2.6.12\jxl-2.6.12.jar;C:\Users\apaag\.m2\repository\log4j\log4j\1.2.14\log4j-1.2.14.jar;C:\Users\apaag\.m2\repository\asm\asm\3.3.1\asm-3.3.1.jar;C:\Users\apaag\.m2\repository\org\springframework\spring-test\3.2.3.RELEASE\spring-test-3.2.3.RELEASE.jar;C:\Users\apaag\.m2\repository\org\springframework\spring-context\3.2.3.RELEASE\spring-context-3.2.3.RELEASE.jar;C:\Users\apaag\.m2\repository\org\springframework\spring-aop\3.2.3.RELEASE\spring-aop-3.2.3.RELEASE.jar;C:\Users\apaag\.m2\repository\org\springframework\spring-expression\3.2.3.RELEASE\spring-expression-3.2.3.RELEASE.jar;C:\Users\apaag\.m2\repository\org\springframework\spring-context-support\3.2.3.RELEASE\spring-context-support-3.2.3.RELEASE.jar;C:\Users\apaag\.m2\repository\org\hamcrest\hamcrest-core\1.3\hamcrest-core-1.3.jar;C:\Users\apaag\.m2\repository\org\hamcrest\hamcrest-library\1.3\hamcrest-library-1.3.jar;C:\Users\apaag\.m2\repository\org\apache\httpcomponents\httpclient\4.3.4\httpclient-4.3.4.jar;C:\Users\apaag\.m2\repository\org\apache\httpcomponents\httpcore\4.3.2\httpcore-4.3.2.jar;C:\Users\apaag\.m2\repository\net\sourceforge\htmlunit\htmlunit\2.9\htmlunit-2.9.jar;C:\Users\apaag\.m2\repository\xalan\xalan\2.7.1\xalan-2.7.1.jar;C:\Users\apaag\.m2\repository\xalan\serializer\2.7.1\serializer-2.7.1.jar;C:\Users\apaag\.m2\repository\commons-lang\commons-lang\2.6\commons-lang-2.6.jar;C:\Users\apaag\.m2\repository\org\apache\httpcomponents\httpmime\4.1.2\httpmime-4.1.2.jar;C:\Users\apaag\.m2\repository\net\sourceforge\htmlunit\htmlunit-core-js\2.9\htmlunit-core-js-2.9.jar;C:\Users\apaag\.m2\repository\xerces\xercesImpl\2.9.1\xercesImpl-2.9.1.jar;C:\Users\apaag\.m2\repository\xml-apis\xml-apis\1.3.04\xml-apis-1.3.04.jar;C:\Users\apaag\.m2\repository\net\sourceforge\nekohtml\nekohtml\1.9.15\nekohtml-1.9.15.jar;C:\Users\apaag\.m2\repository\net\sourceforge\cssparser\cssparser\0.9.5\cssparser-0.9.5.jar;C:\Users\apaag\.m2\repository\org\w3c\css\sac\1.3\sac-1.3.jar;C:\Users\apaag\.m2\repository\org\fluentlenium\fluentlenium-core\0.10.2\fluentlenium-core-0.10.2.jar;C:\Users\apaag\.m2\repository\com\jhlabs\filters\2.0.235\filters-2.0.235.jar;C:\Users\apaag\.m2\repository\org\asciidoctor\asciidoctor-java-integration\0.1.3\asciidoctor-java-integration-0.1.3.jar;C:\Users\apaag\.m2\repository\org\jruby\jruby-complete\1.7.4\jruby-complete-1.7.4.jar;C:\Users\apaag\.m2\repository\com\beust\jcommander\1.30\jcommander-1.30.jar;C:\Users\apaag\.m2\repository\com\google\code\gson\gson\2.2.4\gson-2.2.4.jar;C:\Users\apaag\.m2\repository\javax\validation\validation-api\1.1.0.Final\validation-api-1.1.0.Final.jar;C:\Users\apaag\.m2\repository\org\hibernate\hibernate-validator\5.1.1.Final\hibernate-validator-5.1.1.Final.jar;C:\Users\apaag\.m2\repository\org\jboss\logging\jboss-logging\3.1.3.GA\jboss-logging-3.1.3.GA.jar;C:\Users\apaag\.m2\repository\com\fasterxml\classmate\1.0.0\classmate-1.0.0.jar;C:\Users\apaag\.m2\repository\javax\el\javax.el-api\2.2.4\javax.el-api-2.2.4.jar;C:\Users\apaag\.m2\repository\org\glassfish\web\javax.el\2.2.4\javax.el-2.2.4.jar;C:\Users\apaag\.m2\repository\net\serenity-bdd\serenity-jbehave\1.0.10\serenity-jbehave-1.0.10.jar;C:\Users\apaag\.m2\repository\de\codecentric\jbehave-junit-runner\1.1.0\jbehave-junit-runner-1.1.0.jar;C:\Users\apaag\.m2\repository\org\mockito\mockito-core\1.9.0\mockito-core-1.9.0.jar;C:\Users\apaag\.m2\repository\org\jbehave\jbehave-core\3.9.5\jbehave-core-3.9.5.jar;C:\Users\apaag\.m2\repository\org\hamcrest\hamcrest-integration\1.3\hamcrest-integration-1.3.jar;C:\Users\apaag\.m2\repository\com\thoughtworks\paranamer\paranamer\2.4\paranamer-2.4.jar;C:\Users\apaag\.m2\repository\org\codehaus\groovy\groovy-all\2.3.3\groovy-all-2.3.3.jar;C:\Users\apaag\.m2\repository\org\reflections\reflections\0.9.8\reflections-0.9.8.jar;C:\Users\apaag\.m2\repository\javassist\javassist\3.12.1.GA\javassist-3.12.1.GA.jar;C:\Users\apaag\.m2\repository\dom4j\dom4j\1.6.1\dom4j-1.6.1.jar;C:\Users\apaag\.m2\repository\org\slf4j\slf4j-simple\1.7.7\slf4j-simple-1.7.7.jar;C:\Users\apaag\.m2\repository\junit\junit\4.11\junit-4.11.jar;C:\Users\apaag\.m2\repository\org\hamcrest\hamcrest-all\1.1\hamcrest-all-1.1.jar;C:\Users\apaag\.m2\repository\net\serenity-bdd\serenity-junit\1.0.24\serenity-junit-1.0.24.jar;C:\Users\apaag\.m2\repository\org\springframework\spring-core\3.2.3.RELEASE\spring-core-3.2.3.RELEASE.jar;C:\Users\apaag\.m2\repository\org\springframework\spring-beans\3.2.3.RELEASE\spring-beans-3.2.3.RELEASE.jar;C:\Users\apaag\.m2\repository\org\easytesting\fest-assert\1.4\fest-assert-1.4.jar;C:\Users\apaag\.m2\repository\org\easytesting\fest-util\1.1.6\fest-util-1.1.6.jar;C:\Users\apaag\.m2\repository\com\googlecode\lambdaj\lambdaj\2.3.3\lambdaj-2.3.3.jar;C:\Users\apaag\.m2\repository\org\objenesis\objenesis\1.2\objenesis-1.2.jar;C:\Users\apaag\.m2\repository\cglib\cglib-nodep\2.2\cglib-nodep-2.2.jar;C:\Users\apaag\.m2\repository\org\apache\maven\plugins\maven-failsafe-plugin\2.12\maven-failsafe-plugin-2.12.jar;C:\Users\apaag\.m2\repository\org\apache\maven\maven-plugin-api\2.0.9\maven-plugin-api-2.0.9.jar;C:\Users\apaag\.m2\repository\org\apache\maven\surefire\surefire-booter\2.12\surefire-booter-2.12.jar;C:\Users\apaag\.m2\repository\org\codehaus\plexus\plexus-utils\3.0\plexus-utils-3.0.jar;C:\Users\apaag\.m2\repository\org\apache\maven\maven-artifact\2.0.9\maven-artifact-2.0.9.jar;C:\Users\apaag\.m2\repository\org\apache\maven\maven-project\2.0.9\maven-project-2.0.9.jar;C:\Users\apaag\.m2\repository\org\apache\maven\maven-settings\2.0.9\maven-settings-2.0.9.jar;C:\Users\apaag\.m2\repository\org\apache\maven\maven-profile\2.0.9\maven-profile-2.0.9.jar;C:\Users\apaag\.m2\repository\org\apache\maven\maven-artifact-manager\2.0.9\maven-artifact-manager-2.0.9.jar;C:\Users\apaag\.m2\repository\org\apache\maven\maven-plugin-registry\2.0.9\maven-plugin-registry-2.0.9.jar;C:\Users\apaag\.m2\repository\org\codehaus\plexus\plexus-container-default\1.0-alpha-9-stable-1\plexus-container-default-1.0-alpha-9-stable-1.jar;C:\Users\apaag\.m2\repository\org\apache\maven\maven-core\2.0.9\maven-core-2.0.9.jar;C:\Users\apaag\.m2\repository\org\apache\maven\maven-plugin-parameter-documenter\2.0.9\maven-plugin-parameter-documenter-2.0.9.jar;C:\Users\apaag\.m2\repository\org\apache\maven\reporting\maven-reporting-api\2.0.9\maven-reporting-api-2.0.9.jar;C:\Users\apaag\.m2\repository\org\apache\maven\wagon\wagon-provider-api\1.0-beta-2\wagon-provider-api-1.0-beta-2.jar;C:\Users\apaag\.m2\repository\org\apache\maven\maven-repository-metadata\2.0.9\maven-repository-metadata-2.0.9.jar;C:\Users\apaag\.m2\repository\org\apache\maven\maven-error-diagnostics\2.0.9\maven-error-diagnostics-2.0.9.jar;C:\Users\apaag\.m2\repository\org\apache\maven\maven-monitor\2.0.9\maven-monitor-2.0.9.jar;C:\Users\apaag\.m2\repository\classworlds\classworlds\1.1\classworlds-1.1.jar;C:\Users\apaag\.m2\repository\org\apache\maven\maven-toolchain\2.0.9\maven-toolchain-2.0.9.jar;C:\Users\apaag\.m2\repository\org\apache\maven\surefire\maven-surefire-common\2.16\maven-surefire-common-2.16.jar;C:\Users\apaag\.m2\repository\org\apache\maven\plugin-tools\maven-plugin-annotations\3.2\maven-plugin-annotations-3.2.jar;C:\Users\apaag\.m2\repository\org\apache\maven\surefire\surefire-api\2.16\surefire-api-2.16.jar;C:\Users\apaag\.m2\repository\org\apache\maven\maven-plugin-descriptor\2.0.9\maven-plugin-descriptor-2.0.9.jar;C:\Users\apaag\.m2\repository\org\apache\maven\maven-model\2.0.9\maven-model-2.0.9.jar;"/>
    <property name="java.specification.name" value="Java Platform API Specification"/>
    <property name="java.class.version" value="51.0"/>
    <property name="sun.management.compiler" value="HotSpot 64-Bit Tiered Compilers"/>
    <property name="os.version" value="6.1"/>
    <property name="user.home" value="C:\Users\apaag"/>
    <property name="user.timezone" value="Asia/Calcutta"/>
    <property name="java.awt.printerjob" value="sun.awt.windows.WPrinterJob"/>
    <property name="java.specification.version" value="1.7"/>
    <property name="file.encoding" value="Cp1252"/>
    <property name="metafilter" value="-skip,+Delta"/>
    <property name="user.name" value="pimrankhan1"/>
    <property name="java.class.path" value="C:\apache-maven-3.1.1\boot\plexus-classworlds-2.5.1.jar"/>
    <property name="lan" value="EN"/>
    <property name="org.slf4j.simpleLogger.defaultLogLevel" value="info"/>
    <property name="java.vm.specification.version" value="1.7"/>
    <property name="sun.arch.data.model" value="64"/>
    <property name="java.home" value="C:\Program Files\Java\jdk1.7.0_67\jre"/>
    <property name="sun.java.command" value="org.codehaus.plexus.classworlds.launcher.Launcher verify -P singlethread -Dlan=EN -Dbrand=DT -Dmetafilter=-skip,+Delta -Dwebdriver.driver=firefox -Dwebdriver.base.url=https://www.delta.com/ -Dplatform=DESKTOP"/>
    <property name="java.specification.vendor" value="Oracle Corporation"/>
    <property name="user.language" value="en"/>
    <property name="awt.toolkit" value="sun.awt.windows.WToolkit"/>
    <property name="java.vm.info" value="mixed mode"/>
    <property name="java.version" value="1.7.0_67"/>
    <property name="brand" value="DT"/>
    <property name="java.ext.dirs" value="C:\Program Files\Java\jdk1.7.0_67\jre\lib\ext;C:\Windows\Sun\Java\lib\ext"/>
    <property name="sun.boot.class.path" value="C:\Program Files\Java\jdk1.7.0_67\jre\lib\resources.jar;C:\Program Files\Java\jdk1.7.0_67\jre\lib\rt.jar;C:\Program Files\Java\jdk1.7.0_67\jre\lib\sunrsasign.jar;C:\Program Files\Java\jdk1.7.0_67\jre\lib\jsse.jar;C:\Program Files\Java\jdk1.7.0_67\jre\lib\jce.jar;C:\Program Files\Java\jdk1.7.0_67\jre\lib\charsets.jar;C:\Program Files\Java\jdk1.7.0_67\jre\lib\jfr.jar;C:\Program Files\Java\jdk1.7.0_67\jre\classes"/>
    <property name="java.vendor" value="Oracle Corporation"/>
    <property name="maven.home" value="C:\apache-maven-3.1.1"/>
    <property name="localRepository" value="C:\Users\apaag\.m2\repository"/>
    <property name="file.separator" value="\"/>
    <property name="java.vendor.url.bug" value="http://bugreport.sun.com/bugreport/"/>
    <property name="sun.cpu.endian" value="little"/>
    <property name="sun.io.unicode.encoding" value="UnicodeLittle"/>
    <property name="sun.desktop" value="windows"/>
    <property name="sun.cpu.isalist" value="amd64"/>
  </properties>
  <testcase name="BeforeStories" classname="java.lang.Object" time="0.028"/>
  <testcase name="Given the user is in homepage" classname="com.wipro.dias.steps.HomeSteps" time="169.577"/>
  <testcase name="Then the user waits for &apos;2&apos; seconds" classname="com.wipro.dias.steps.HomeSteps" time="5.43"/>
  <testcase name="When the user clicks on travelling with us" classname="com.wipro.dias.steps.HomeSteps" time="6.088"/>
  <testcase name="And the user clicks on delta sky club" classname="com.wipro.dias.steps.HomeSteps" time="35.733"/>
  <testcase name="And the user clicks on One day pass" classname="com.wipro.dias.steps.HomeSteps" time="28.963"/>
  <testcase name="And the user selects option" classname="com.wipro.dias.steps.HomeSteps" time="21.125"/>
  <testcase name="And the user enter &lt;&apos;quantity&apos;&gt;,&lt;&apos;address&apos;&gt;,&lt;&apos;city&apos;&gt;, &lt;&apos;zip&apos;&gt;" classname="com.wipro.dias.steps.HomeSteps" time="10.755"/>
  <testcase name="And the user selects location and state" classname="com.wipro.dias.steps.HomeSteps" time="4.64"/>
  <testcase name="And the user clicks on add to cart" classname="com.wipro.dias.steps.HomeSteps" time="29.088"/>
  <testcase name="Then the user waits for &apos;5&apos; seconds" classname="com.wipro.dias.steps.HomeSteps" time="6.436"/>
  <testcase name="Then the pass should be added to cart" classname="com.wipro.dias.steps.HomeSteps" time="2.141"/>
  <testcase name="When the user clicks on cart symbol" classname="com.wipro.dias.steps.HomeSteps" time="16.792"/>
  <testcase name="And the user clicks on remove button" classname="com.wipro.dias.steps.HomeSteps" time="36.133"/>
  <testcase name="Then the pass should be removed from the cart" classname="com.wipro.dias.steps.HomeSteps" time="1.235"/>
  <testcase name="Scenario: verify the user is able to add and remove a pass to and from the cart" classname="Scenario: verify the user is able to add and remove a pass to and from the cart" time="2.341"/>
  <testcase name="verifyAddToCartAndRemoveFromCart.story" classname="verifyAddToCartAndRemoveFromCart.story" time="3.358"/>
  <testcase name="Given the user is in homepage​" classname="com.wipro.dias.steps.HomeSteps" time="89.791"/>
  <testcase name="Then the user waits for &apos;2&apos; seconds​" classname="com.wipro.dias.steps.HomeSteps" time="6.728"/>
  <testcase name="When the user clicks on skymiles" classname="com.wipro.dias.steps.HomeSteps" time="11.016"/>
  <testcase name="And the user clicks on join sky miles" classname="com.wipro.dias.steps.HomeSteps" time="36.702"/>
  <testcase name="And the user enters &lt;&apos;firstName&apos;&gt;,&lt;&apos;lastName&apos;&gt;" classname="com.wipro.dias.steps.HomeSteps" time="46.603"/>
  <testcase name="And the user selects dob and gender" classname="com.wipro.dias.steps.HomeSteps" time="9.198"/>
  <testcase name="And the user clicks on complete button" classname="com.wipro.dias.steps.HomeSteps" time="5.842"/>
  <testcase name="Then the welcome page should appear" classname="com.wipro.dias.steps.HomeSteps" time="2.691">
    <failure type="java.lang.AssertionError:">java.lang.AssertionError: null
	at com.wipro.dias.steps.HomeSteps.userShuoldSeeWelcomeScreen(HomeSteps.java:207)
</failure>
    <system-out><![CDATA[And the user clicks on complete button
]]></system-out>
  </testcase>
  <testcase name="AfterStories" classname="java.lang.Object" time="29.435"/>
</testsuite>